<?xml version="1.0" encoding="UTF-8"?>
<!-- Generated by org.testng.reporters.JUnitReportReporter -->
<testsuite hostname="CBT-MH-000" name="Twitt_Api.Trending_Hashtag_Twitter" tests="1" failures="0" timestamp="28 Oct 2019 06:44:20 GMT" time="2.766" errors="0">
  <testcase name="get_hashtag_Tweet" time="2.766" classname="Twitt_Api.Trending_Hashtag_Twitter"/>
</testsuite> <!-- Twitt_Api.Trending_Hashtag_Twitter -->
