<?xml version="1.0" encoding="UTF-8"?>
<!-- Generated by org.testng.reporters.JUnitReportReporter -->
<testsuite hostname="CBT-MH-000" name="Countryhashtag_twitter" tests="1" failures="0" timestamp="16 Oct 2019 11:35:35 GMT" time="6.492" errors="0">
  <testcase name="hash" time="6.492" classname="Countryhashtag_twitter"/>
</testsuite> <!-- Countryhashtag_twitter -->
