<?xml version="1.0" encoding="UTF-8"?>
<!-- Generated by org.testng.reporters.JUnitReportReporter -->
<testsuite hostname="CBT-MH-000" name="Post_twitter" tests="1" failures="0" timestamp="24 Oct 2019 12:19:45 GMT" time="4.368" errors="0">
  <testcase name="get_Tweet" time="4.368" classname="Post_twitter"/>
</testsuite> <!-- Post_twitter -->
