<?xml version="1.0" encoding="UTF-8"?>
<!-- Generated by org.testng.reporters.JUnitReportReporter -->
<testsuite hostname="CBT-MH-000" name="Twitt_Api.Post_twitter" tests="1" failures="0" timestamp="29 Oct 2019 03:57:09 GMT" time="5.982" errors="0">
  <testcase name="get_Tweet" time="5.982" classname="Twitt_Api.Post_twitter"/>
</testsuite> <!-- Twitt_Api.Post_twitter -->
