<?xml version="1.0" encoding="UTF-8"?>
<!-- Generated by org.testng.reporters.JUnitReportReporter -->
<testsuite hostname="CBT-MH-000" name="Automation.PHPAutomation.Carpagetest" tests="2" failures="0" timestamp="29 Oct 2019 04:16:13 GMT" time="14.709" errors="0">
  <testcase name="testcase2" time="4.195" classname="Automation.PHPAutomation.Carpagetest"/>
  <testcase name="testcase5" time="10.514" classname="Automation.PHPAutomation.Carpagetest"/>
</testsuite> <!-- Automation.PHPAutomation.Carpagetest -->
