<?xml version="1.0" encoding="UTF-8"?>
<!-- Generated by org.testng.reporters.JUnitReportReporter -->
<testsuite hostname="CBT-MH-000" name="Twitt_Api.TwitterStatus_enter" tests="1" failures="0" timestamp="28 Oct 2019 06:44:19 GMT" time="0.661" errors="0">
  <testcase name="get_Tweet" time="0.661" classname="Twitt_Api.TwitterStatus_enter"/>
</testsuite> <!-- Twitt_Api.TwitterStatus_enter -->
