<?xml version="1.0" encoding="UTF-8"?>
<!-- Generated by org.testng.reporters.JUnitReportReporter -->
<testsuite hostname="CBT-MH-000" name="Automation.PHPAutomation.PHP_Tour" tests="1" failures="0" timestamp="28 Oct 2019 10:45:58 GMT" time="10.380" errors="0">
  <testcase name="testcase" time="10.380" classname="Automation.PHPAutomation.PHP_Tour"/>
</testsuite> <!-- Automation.PHPAutomation.PHP_Tour -->
