<?xml version="1.0" encoding="UTF-8"?>
<!-- Generated by org.testng.reporters.JUnitReportReporter -->
<testsuite hostname="CBT-MH-000" name="Searchstatus" tests="1" failures="0" timestamp="24 Oct 2019 12:23:54 GMT" time="3.656" errors="0">
  <testcase name="search_Tweet" time="3.656" classname="Searchstatus"/>
</testsuite> <!-- Searchstatus -->
