<?xml version="1.0" encoding="UTF-8"?>
<!-- Generated by org.testng.reporters.JUnitReportReporter -->
<testsuite hostname="CBT-MH-000" name="test.basics1" tests="2" failures="0" timestamp="23 Sep 2019 05:21:25 GMT" time="0.018" errors="0">
  <testcase name="Webcreditcardmethod2" time="0.002" classname="test.basics1"/>
  <testcase name="Webcreditcardmethod1" time="0.016" classname="test.basics1"/>
</testsuite> <!-- test.basics1 -->
