<?xml version="1.0" encoding="UTF-8"?>
<!-- Generated by org.testng.reporters.JUnitReportReporter -->
<testsuite hostname="CBT-MH-000" name="Trending_Hashtag_Twitter" tests="1" failures="0" timestamp="24 Oct 2019 12:24:09 GMT" time="6.506" errors="0">
  <testcase name="get_hashtag_Tweet" time="6.506" classname="Trending_Hashtag_Twitter"/>
</testsuite> <!-- Trending_Hashtag_Twitter -->
