<?xml version="1.0" encoding="UTF-8"?>
<!-- Generated by org.testng.reporters.JUnitReportReporter -->
<testsuite hostname="CBT-MH-000" name="Automation.PHPAutomation.TourPage" tests="1" failures="0" timestamp="12 Oct 2019 08:31:04 GMT" time="20.133" errors="0">
  <testcase name="testcase4" time="20.133" classname="Automation.PHPAutomation.TourPage"/>
</testsuite> <!-- Automation.PHPAutomation.TourPage -->
