<?xml version="1.0" encoding="UTF-8"?>
<!-- Generated by org.testng.reporters.JUnitReportReporter -->
<testsuite hostname="CBT-MH-000" name="Automation.PHPAutomation.Loginpage" tests="1" failures="0" timestamp="28 Oct 2019 07:09:00 GMT" time="13.172" errors="0">
  <testcase name="testcase1" time="13.172" classname="Automation.PHPAutomation.Loginpage"/>
</testsuite> <!-- Automation.PHPAutomation.Loginpage -->
