<?xml version="1.0" encoding="UTF-8"?>
<!-- Generated by org.testng.reporters.JUnitReportReporter -->
<testsuite hostname="CBT-MH-000" name="Automation.PHP_Automation_testscript.Registratinpagetest" tests="2" failures="0" timestamp="29 Oct 2019 04:13:28 GMT" time="19.556" errors="0">
  <testcase name="testcase1" time="14.055" classname="Automation.PHP_Automation_testscript.Registratinpagetest"/>
  <testcase name="testcase" time="5.501" classname="Automation.PHP_Automation_testscript.Registratinpagetest"/>
</testsuite> <!-- Automation.PHP_Automation_testscript.Registratinpagetest -->
