<?xml version="1.0" encoding="UTF-8"?>
<!-- Generated by org.testng.reporters.JUnitReportReporter -->
<testsuite hostname="CBT-MH-000" name="Twitt_Api.Username_get_twitter" tests="1" failures="0" timestamp="28 Oct 2019 06:44:19 GMT" time="1.314" errors="0">
  <testcase name="user_Tweet" time="1.314" classname="Twitt_Api.Username_get_twitter"/>
</testsuite> <!-- Twitt_Api.Username_get_twitter -->
