<?xml version="1.0" encoding="UTF-8"?>
<!-- Generated by org.testng.reporters.JUnitReportReporter -->
<testsuite hostname="CBT-MH-000" name="First" tests="1" failures="0" timestamp="26 Sep 2019 08:41:56 GMT" time="3.903" errors="0">
  <testcase name="APITest" time="3.903" classname="First"/>
</testsuite> <!-- First -->
