<?xml version="1.0" encoding="UTF-8"?>
<!-- Generated by org.testng.reporters.JUnitReportReporter -->
<testsuite hostname="CBT-MH-000" name="Automation.PHPAutomation.Carpage" tests="1" failures="0" timestamp="12 Oct 2019 08:32:30 GMT" time="20.332" errors="0">
  <testcase name="testcase4" time="20.332" classname="Automation.PHPAutomation.Carpage"/>
</testsuite> <!-- Automation.PHPAutomation.Carpage -->
