<?xml version="1.0" encoding="UTF-8"?>
<!-- Generated by org.testng.reporters.JUnitReportReporter -->
<testsuite hostname="CBT-MH-000" name="REtwitter" tests="1" failures="0" timestamp="16 Oct 2019 11:31:29 GMT" time="6.207" errors="0">
  <testcase name="tweet" time="6.207" classname="REtwitter"/>
</testsuite> <!-- REtwitter -->
