<?xml version="1.0" encoding="UTF-8"?>
<!-- Generated by org.testng.reporters.JUnitReportReporter -->
<testsuite hostname="CBT-MH-000" name="Twitt_Api.Searchstatus" tests="1" failures="0" timestamp="29 Oct 2019 03:58:07 GMT" time="3.961" errors="0">
  <testcase name="search_Tweet" time="3.961" classname="Twitt_Api.Searchstatus"/>
</testsuite> <!-- Twitt_Api.Searchstatus -->
