<?xml version="1.0" encoding="UTF-8"?>
<!-- Generated by org.testng.reporters.JUnitReportReporter -->
<testsuite hostname="CBT-MH-000" name="Bangaloreweather_Twitter" tests="1" failures="0" timestamp="24 Oct 2019 12:23:22 GMT" time="3.714" errors="0">
  <testcase name="Bangweather" time="3.714" classname="Bangaloreweather_Twitter"/>
</testsuite> <!-- Bangaloreweather_Twitter -->
